{"C:\\Users\\ASUS\\Documents\\Express\\BRI_Life\\config\\database.js": {"path":"C:\\Users\\ASUS\\Documents\\Express\\BRI_Life\\config\\database.js","statementMap":{"0":{"start":{"line":1,"column":14},"end":{"line":1,"column":31}},"1":{"start":{"line":4,"column":19},"end":{"line":9,"column":4}},"2":{"start":{"line":11,"column":0},"end":{"line":11,"column":28}}},"fnMap":{},"branchMap":{},"s":{"0":1,"1":1,"2":1},"f":{},"b":{},"_coverageSchema":"1a1c01bbd47fc00a2c39e90264f33305004495a9","hash":"eb1107f333b8cfd137bf4605c2a464471678da65"}
,"C:\\Users\\ASUS\\Documents\\Express\\BRI_Life\\controllers\\ProductController\\productController.js": {"path":"C:\\Users\\ASUS\\Documents\\Express\\BRI_Life\\controllers\\ProductController\\productController.js","statementMap":{"0":{"start":{"line":1,"column":15},"end":{"line":1,"column":32}},"1":{"start":{"line":2,"column":13},"end":{"line":2,"column":28}},"2":{"start":{"line":4,"column":19},"end":{"line":4,"column":51}},"3":{"start":{"line":6,"column":22},"end":{"line":35,"column":1}},"4":{"start":{"line":7,"column":4},"end":{"line":7,"column":43}},"5":{"start":{"line":9,"column":4},"end":{"line":33,"column":5}},"6":{"start":{"line":10,"column":8},"end":{"line":13,"column":11}},"7":{"start":{"line":15,"column":23},"end":{"line":15,"column":31}},"8":{"start":{"line":16,"column":21},"end":{"line":16,"column":37}},"9":{"start":{"line":17,"column":8},"end":{"line":27,"column":10}},"10":{"start":{"line":29,"column":8},"end":{"line":32,"column":11}},"11":{"start":{"line":37,"column":22},"end":{"line":98,"column":1}},"12":{"start":{"line":38,"column":4},"end":{"line":38,"column":44}},"13":{"start":{"line":39,"column":16},"end":{"line":39,"column":38}},"14":{"start":{"line":40,"column":17},"end":{"line":40,"column":40}},"15":{"start":{"line":42,"column":19},"end":{"line":42,"column":27}},"16":{"start":{"line":43,"column":17},"end":{"line":43,"column":33}},"17":{"start":{"line":45,"column":4},"end":{"line":96,"column":5}},"18":{"start":{"line":46,"column":8},"end":{"line":73,"column":9}},"19":{"start":{"line":47,"column":12},"end":{"line":50,"column":15}},"20":{"start":{"line":53,"column":12},"end":{"line":72,"column":14}},"21":{"start":{"line":57,"column":20},"end":{"line":63,"column":21}},"22":{"start":{"line":58,"column":24},"end":{"line":58,"column":64}},"23":{"start":{"line":59,"column":24},"end":{"line":62,"column":27}},"24":{"start":{"line":64,"column":35},"end":{"line":64,"column":39}},"25":{"start":{"line":66,"column":20},"end":{"line":70,"column":23}},"26":{"start":{"line":76,"column":8},"end":{"line":95,"column":10}},"27":{"start":{"line":80,"column":16},"end":{"line":86,"column":17}},"28":{"start":{"line":81,"column":20},"end":{"line":81,"column":60}},"29":{"start":{"line":82,"column":20},"end":{"line":85,"column":23}},"30":{"start":{"line":87,"column":31},"end":{"line":87,"column":35}},"31":{"start":{"line":89,"column":16},"end":{"line":93,"column":19}},"32":{"start":{"line":100,"column":19},"end":{"line":128,"column":1}},"33":{"start":{"line":101,"column":4},"end":{"line":101,"column":40}},"34":{"start":{"line":103,"column":19},"end":{"line":103,"column":27}},"35":{"start":{"line":104,"column":17},"end":{"line":104,"column":33}},"36":{"start":{"line":106,"column":20},"end":{"line":106,"column":32}},"37":{"start":{"line":108,"column":4},"end":{"line":127,"column":6}},"38":{"start":{"line":112,"column":12},"end":{"line":118,"column":13}},"39":{"start":{"line":113,"column":16},"end":{"line":113,"column":56}},"40":{"start":{"line":114,"column":16},"end":{"line":117,"column":19}},"41":{"start":{"line":119,"column":27},"end":{"line":119,"column":31}},"42":{"start":{"line":121,"column":12},"end":{"line":125,"column":15}},"43":{"start":{"line":130,"column":22},"end":{"line":178,"column":1}},"44":{"start":{"line":131,"column":4},"end":{"line":131,"column":43}},"45":{"start":{"line":133,"column":19},"end":{"line":133,"column":27}},"46":{"start":{"line":134,"column":17},"end":{"line":134,"column":33}},"47":{"start":{"line":136,"column":4},"end":{"line":177,"column":6}},"48":{"start":{"line":139,"column":12},"end":{"line":145,"column":13}},"49":{"start":{"line":140,"column":16},"end":{"line":140,"column":56}},"50":{"start":{"line":141,"column":16},"end":{"line":144,"column":19}},"51":{"start":{"line":146,"column":27},"end":{"line":146,"column":31}},"52":{"start":{"line":148,"column":24},"end":{"line":148,"column":29}},"53":{"start":{"line":150,"column":12},"end":{"line":155,"column":15}},"54":{"start":{"line":151,"column":16},"end":{"line":154,"column":17}},"55":{"start":{"line":152,"column":20},"end":{"line":152,"column":32}},"56":{"start":{"line":153,"column":20},"end":{"line":153,"column":38}},"57":{"start":{"line":157,"column":12},"end":{"line":175,"column":13}},"58":{"start":{"line":158,"column":16},"end":{"line":169,"column":18}},"59":{"start":{"line":171,"column":16},"end":{"line":174,"column":19}},"60":{"start":{"line":180,"column":22},"end":{"line":223,"column":1}},"61":{"start":{"line":181,"column":4},"end":{"line":181,"column":43}},"62":{"start":{"line":183,"column":20},"end":{"line":183,"column":32}},"63":{"start":{"line":185,"column":4},"end":{"line":222,"column":6}},"64":{"start":{"line":188,"column":12},"end":{"line":194,"column":13}},"65":{"start":{"line":189,"column":16},"end":{"line":189,"column":56}},"66":{"start":{"line":190,"column":16},"end":{"line":193,"column":19}},"67":{"start":{"line":196,"column":27},"end":{"line":196,"column":31}},"68":{"start":{"line":197,"column":24},"end":{"line":197,"column":29}},"69":{"start":{"line":199,"column":12},"end":{"line":203,"column":15}},"70":{"start":{"line":200,"column":16},"end":{"line":202,"column":17}},"71":{"start":{"line":201,"column":20},"end":{"line":201,"column":32}},"72":{"start":{"line":205,"column":12},"end":{"line":220,"column":13}},"73":{"start":{"line":206,"column":16},"end":{"line":209,"column":19}},"74":{"start":{"line":211,"column":16},"end":{"line":214,"column":18}},"75":{"start":{"line":216,"column":16},"end":{"line":219,"column":19}},"76":{"start":{"line":225,"column":27},"end":{"line":282,"column":1}},"77":{"start":{"line":226,"column":4},"end":{"line":226,"column":49}},"78":{"start":{"line":228,"column":20},"end":{"line":228,"column":32}},"79":{"start":{"line":230,"column":4},"end":{"line":281,"column":6}},"80":{"start":{"line":233,"column":12},"end":{"line":239,"column":13}},"81":{"start":{"line":234,"column":16},"end":{"line":234,"column":56}},"82":{"start":{"line":235,"column":16},"end":{"line":238,"column":19}},"83":{"start":{"line":240,"column":27},"end":{"line":240,"column":31}},"84":{"start":{"line":241,"column":24},"end":{"line":241,"column":29}},"85":{"start":{"line":243,"column":12},"end":{"line":247,"column":15}},"86":{"start":{"line":244,"column":16},"end":{"line":246,"column":17}},"87":{"start":{"line":245,"column":20},"end":{"line":245,"column":32}},"88":{"start":{"line":249,"column":12},"end":{"line":279,"column":13}},"89":{"start":{"line":250,"column":16},"end":{"line":253,"column":19}},"90":{"start":{"line":256,"column":37},"end":{"line":256,"column":77}},"91":{"start":{"line":257,"column":16},"end":{"line":273,"column":17}},"92":{"start":{"line":258,"column":20},"end":{"line":262,"column":23}},"93":{"start":{"line":264,"column":20},"end":{"line":272,"column":22}},"94":{"start":{"line":275,"column":16},"end":{"line":278,"column":19}},"95":{"start":{"line":284,"column":0},"end":{"line":291,"column":1}}},"fnMap":{"0":{"name":"(anonymous_0)","decl":{"start":{"line":6,"column":22},"end":{"line":6,"column":23}},"loc":{"start":{"line":6,"column":42},"end":{"line":35,"column":1}},"line":6},"1":{"name":"(anonymous_1)","decl":{"start":{"line":37,"column":22},"end":{"line":37,"column":23}},"loc":{"start":{"line":37,"column":42},"end":{"line":98,"column":1}},"line":37},"2":{"name":"(anonymous_2)","decl":{"start":{"line":56,"column":16},"end":{"line":56,"column":17}},"loc":{"start":{"line":56,"column":41},"end":{"line":71,"column":17}},"line":56},"3":{"name":"(anonymous_3)","decl":{"start":{"line":79,"column":12},"end":{"line":79,"column":13}},"loc":{"start":{"line":79,"column":37},"end":{"line":94,"column":13}},"line":79},"4":{"name":"(anonymous_4)","decl":{"start":{"line":100,"column":19},"end":{"line":100,"column":20}},"loc":{"start":{"line":100,"column":39},"end":{"line":128,"column":1}},"line":100},"5":{"name":"(anonymous_5)","decl":{"start":{"line":111,"column":8},"end":{"line":111,"column":9}},"loc":{"start":{"line":111,"column":33},"end":{"line":126,"column":9}},"line":111},"6":{"name":"(anonymous_6)","decl":{"start":{"line":130,"column":22},"end":{"line":130,"column":23}},"loc":{"start":{"line":130,"column":42},"end":{"line":178,"column":1}},"line":130},"7":{"name":"(anonymous_7)","decl":{"start":{"line":138,"column":8},"end":{"line":138,"column":9}},"loc":{"start":{"line":138,"column":33},"end":{"line":176,"column":9}},"line":138},"8":{"name":"(anonymous_8)","decl":{"start":{"line":150,"column":27},"end":{"line":150,"column":28}},"loc":{"start":{"line":150,"column":35},"end":{"line":155,"column":13}},"line":150},"9":{"name":"(anonymous_9)","decl":{"start":{"line":180,"column":22},"end":{"line":180,"column":23}},"loc":{"start":{"line":180,"column":42},"end":{"line":223,"column":1}},"line":180},"10":{"name":"(anonymous_10)","decl":{"start":{"line":187,"column":8},"end":{"line":187,"column":9}},"loc":{"start":{"line":187,"column":33},"end":{"line":221,"column":9}},"line":187},"11":{"name":"(anonymous_11)","decl":{"start":{"line":199,"column":27},"end":{"line":199,"column":28}},"loc":{"start":{"line":199,"column":35},"end":{"line":203,"column":13}},"line":199},"12":{"name":"(anonymous_12)","decl":{"start":{"line":225,"column":27},"end":{"line":225,"column":28}},"loc":{"start":{"line":225,"column":47},"end":{"line":282,"column":1}},"line":225},"13":{"name":"(anonymous_13)","decl":{"start":{"line":232,"column":8},"end":{"line":232,"column":9}},"loc":{"start":{"line":232,"column":33},"end":{"line":280,"column":9}},"line":232},"14":{"name":"(anonymous_14)","decl":{"start":{"line":243,"column":27},"end":{"line":243,"column":28}},"loc":{"start":{"line":243,"column":35},"end":{"line":247,"column":13}},"line":243}},"branchMap":{"0":{"loc":{"start":{"line":9,"column":4},"end":{"line":33,"column":5}},"type":"if","locations":[{"start":{"line":9,"column":4},"end":{"line":33,"column":5}},{"start":{"line":14,"column":11},"end":{"line":33,"column":5}}],"line":9},"1":{"loc":{"start":{"line":9,"column":8},"end":{"line":9,"column":85}},"type":"binary-expr","locations":[{"start":{"line":9,"column":8},"end":{"line":9,"column":29}},{"start":{"line":9,"column":33},"end":{"line":9,"column":53}},{"start":{"line":9,"column":57},"end":{"line":9,"column":85}}],"line":9},"2":{"loc":{"start":{"line":39,"column":16},"end":{"line":39,"column":38}},"type":"binary-expr","locations":[{"start":{"line":39,"column":16},"end":{"line":39,"column":33}},{"start":{"line":39,"column":37},"end":{"line":39,"column":38}}],"line":39},"3":{"loc":{"start":{"line":40,"column":17},"end":{"line":40,"column":40}},"type":"binary-expr","locations":[{"start":{"line":40,"column":17},"end":{"line":40,"column":35}},{"start":{"line":40,"column":39},"end":{"line":40,"column":40}}],"line":40},"4":{"loc":{"start":{"line":45,"column":4},"end":{"line":96,"column":5}},"type":"if","locations":[{"start":{"line":45,"column":4},"end":{"line":96,"column":5}},{"start":{"line":74,"column":11},"end":{"line":96,"column":5}}],"line":45},"5":{"loc":{"start":{"line":45,"column":8},"end":{"line":45,"column":34}},"type":"binary-expr","locations":[{"start":{"line":45,"column":8},"end":{"line":45,"column":18}},{"start":{"line":45,"column":22},"end":{"line":45,"column":34}}],"line":45},"6":{"loc":{"start":{"line":46,"column":8},"end":{"line":73,"column":9}},"type":"if","locations":[{"start":{"line":46,"column":8},"end":{"line":73,"column":9}},{"start":{"line":51,"column":15},"end":{"line":73,"column":9}}],"line":46},"7":{"loc":{"start":{"line":57,"column":20},"end":{"line":63,"column":21}},"type":"if","locations":[{"start":{"line":57,"column":20},"end":{"line":63,"column":21}},{"start":{},"end":{}}],"line":57},"8":{"loc":{"start":{"line":80,"column":16},"end":{"line":86,"column":17}},"type":"if","locations":[{"start":{"line":80,"column":16},"end":{"line":86,"column":17}},{"start":{},"end":{}}],"line":80},"9":{"loc":{"start":{"line":112,"column":12},"end":{"line":118,"column":13}},"type":"if","locations":[{"start":{"line":112,"column":12},"end":{"line":118,"column":13}},{"start":{},"end":{}}],"line":112},"10":{"loc":{"start":{"line":139,"column":12},"end":{"line":145,"column":13}},"type":"if","locations":[{"start":{"line":139,"column":12},"end":{"line":145,"column":13}},{"start":{},"end":{}}],"line":139},"11":{"loc":{"start":{"line":151,"column":16},"end":{"line":154,"column":17}},"type":"if","locations":[{"start":{"line":151,"column":16},"end":{"line":154,"column":17}},{"start":{},"end":{}}],"line":151},"12":{"loc":{"start":{"line":157,"column":12},"end":{"line":175,"column":13}},"type":"if","locations":[{"start":{"line":157,"column":12},"end":{"line":175,"column":13}},{"start":{},"end":{}}],"line":157},"13":{"loc":{"start":{"line":163,"column":24},"end":{"line":163,"column":57}},"type":"binary-expr","locations":[{"start":{"line":163,"column":24},"end":{"line":163,"column":37}},{"start":{"line":163,"column":41},"end":{"line":163,"column":57}}],"line":163},"14":{"loc":{"start":{"line":164,"column":24},"end":{"line":164,"column":55}},"type":"binary-expr","locations":[{"start":{"line":164,"column":24},"end":{"line":164,"column":36}},{"start":{"line":164,"column":40},"end":{"line":164,"column":55}}],"line":164},"15":{"loc":{"start":{"line":165,"column":24},"end":{"line":165,"column":71}},"type":"binary-expr","locations":[{"start":{"line":165,"column":24},"end":{"line":165,"column":44}},{"start":{"line":165,"column":48},"end":{"line":165,"column":71}}],"line":165},"16":{"loc":{"start":{"line":166,"column":24},"end":{"line":166,"column":53}},"type":"binary-expr","locations":[{"start":{"line":166,"column":24},"end":{"line":166,"column":35}},{"start":{"line":166,"column":39},"end":{"line":166,"column":53}}],"line":166},"17":{"loc":{"start":{"line":188,"column":12},"end":{"line":194,"column":13}},"type":"if","locations":[{"start":{"line":188,"column":12},"end":{"line":194,"column":13}},{"start":{},"end":{}}],"line":188},"18":{"loc":{"start":{"line":200,"column":16},"end":{"line":202,"column":17}},"type":"if","locations":[{"start":{"line":200,"column":16},"end":{"line":202,"column":17}},{"start":{},"end":{}}],"line":200},"19":{"loc":{"start":{"line":205,"column":12},"end":{"line":220,"column":13}},"type":"if","locations":[{"start":{"line":205,"column":12},"end":{"line":220,"column":13}},{"start":{"line":210,"column":19},"end":{"line":220,"column":13}}],"line":205},"20":{"loc":{"start":{"line":233,"column":12},"end":{"line":239,"column":13}},"type":"if","locations":[{"start":{"line":233,"column":12},"end":{"line":239,"column":13}},{"start":{},"end":{}}],"line":233},"21":{"loc":{"start":{"line":244,"column":16},"end":{"line":246,"column":17}},"type":"if","locations":[{"start":{"line":244,"column":16},"end":{"line":246,"column":17}},{"start":{},"end":{}}],"line":244},"22":{"loc":{"start":{"line":249,"column":12},"end":{"line":279,"column":13}},"type":"if","locations":[{"start":{"line":249,"column":12},"end":{"line":279,"column":13}},{"start":{"line":254,"column":19},"end":{"line":279,"column":13}}],"line":249},"23":{"loc":{"start":{"line":257,"column":16},"end":{"line":273,"column":17}},"type":"if","locations":[{"start":{"line":257,"column":16},"end":{"line":273,"column":17}},{"start":{"line":263,"column":23},"end":{"line":273,"column":17}}],"line":257}},"s":{"0":1,"1":1,"2":1,"3":1,"4":5,"5":5,"6":1,"7":4,"8":4,"9":4,"10":2,"11":1,"12":5,"13":5,"14":5,"15":5,"16":5,"17":5,"18":3,"19":1,"20":2,"21":2,"22":1,"23":1,"24":1,"25":1,"26":2,"27":2,"28":0,"29":0,"30":2,"31":2,"32":1,"33":4,"34":4,"35":4,"36":4,"37":4,"38":4,"39":1,"40":1,"41":3,"42":3,"43":1,"44":4,"45":4,"46":4,"47":4,"48":0,"49":0,"50":0,"51":0,"52":0,"53":0,"54":0,"55":0,"56":0,"57":0,"58":0,"59":0,"60":1,"61":3,"62":3,"63":3,"64":0,"65":0,"66":0,"67":0,"68":0,"69":0,"70":0,"71":0,"72":0,"73":0,"74":0,"75":0,"76":1,"77":6,"78":6,"79":6,"80":0,"81":0,"82":0,"83":0,"84":0,"85":0,"86":0,"87":0,"88":0,"89":0,"90":0,"91":0,"92":0,"93":0,"94":0,"95":1},"f":{"0":5,"1":5,"2":2,"3":2,"4":4,"5":4,"6":4,"7":0,"8":0,"9":3,"10":0,"11":0,"12":6,"13":0,"14":0},"b":{"0":[1,4],"1":[5,4,4],"2":[5,3],"3":[5,2],"4":[3,2],"5":[5,2],"6":[1,2],"7":[1,1],"8":[0,2],"9":[1,3],"10":[0,0],"11":[0,0],"12":[0,0],"13":[0,0],"14":[0,0],"15":[0,0],"16":[0,0],"17":[0,0],"18":[0,0],"19":[0,0],"20":[0,0],"21":[0,0],"22":[0,0],"23":[0,0]},"_coverageSchema":"1a1c01bbd47fc00a2c39e90264f33305004495a9","hash":"415ae756ae4bebfa07f1a2735c29f0f7efcb1e36"}
,"C:\\Users\\ASUS\\Documents\\Express\\BRI_Life\\controllers\\UserController\\userController.js": {"path":"C:\\Users\\ASUS\\Documents\\Express\\BRI_Life\\controllers\\UserController\\userController.js","statementMap":{"0":{"start":{"line":1,"column":15},"end":{"line":1,"column":32}},"1":{"start":{"line":2,"column":13},"end":{"line":2,"column":28}},"2":{"start":{"line":4,"column":19},"end":{"line":4,"column":51}},"3":{"start":{"line":5,"column":12},"end":{"line":5,"column":35}},"4":{"start":{"line":7,"column":22},"end":{"line":10,"column":1}},"5":{"start":{"line":8,"column":23},"end":{"line":8,"column":72}},"6":{"start":{"line":9,"column":4},"end":{"line":9,"column":34}},"7":{"start":{"line":12,"column":25},"end":{"line":18,"column":1}},"8":{"start":{"line":13,"column":4},"end":{"line":17,"column":5}},"9":{"start":{"line":14,"column":8},"end":{"line":14,"column":21}},"10":{"start":{"line":16,"column":8},"end":{"line":16,"column":20}},"11":{"start":{"line":20,"column":20},"end":{"line":20,"column":22}},"12":{"start":{"line":22,"column":19},"end":{"line":58,"column":1}},"13":{"start":{"line":23,"column":4},"end":{"line":23,"column":40}},"14":{"start":{"line":26,"column":4},"end":{"line":57,"column":5}},"15":{"start":{"line":27,"column":8},"end":{"line":31,"column":11}},"16":{"start":{"line":32,"column":11},"end":{"line":57,"column":5}},"17":{"start":{"line":33,"column":8},"end":{"line":37,"column":11}},"18":{"start":{"line":40,"column":8},"end":{"line":50,"column":10}},"19":{"start":{"line":52,"column":8},"end":{"line":56,"column":11}},"20":{"start":{"line":60,"column":19},"end":{"line":83,"column":1}},"21":{"start":{"line":61,"column":4},"end":{"line":61,"column":41}},"22":{"start":{"line":63,"column":4},"end":{"line":82,"column":6}},"23":{"start":{"line":66,"column":12},"end":{"line":72,"column":13}},"24":{"start":{"line":67,"column":16},"end":{"line":67,"column":56}},"25":{"start":{"line":68,"column":16},"end":{"line":71,"column":19}},"26":{"start":{"line":74,"column":27},"end":{"line":74,"column":31}},"27":{"start":{"line":76,"column":12},"end":{"line":80,"column":15}},"28":{"start":{"line":85,"column":27},"end":{"line":112,"column":1}},"29":{"start":{"line":86,"column":4},"end":{"line":86,"column":40}},"30":{"start":{"line":87,"column":21},"end":{"line":87,"column":29}},"31":{"start":{"line":89,"column":25},"end":{"line":89,"column":65}},"32":{"start":{"line":90,"column":4},"end":{"line":106,"column":5}},"33":{"start":{"line":91,"column":8},"end":{"line":95,"column":11}},"34":{"start":{"line":97,"column":8},"end":{"line":105,"column":10}},"35":{"start":{"line":108,"column":4},"end":{"line":111,"column":7}},"36":{"start":{"line":114,"column":19},"end":{"line":127,"column":1}},"37":{"start":{"line":115,"column":4},"end":{"line":115,"column":40}},"38":{"start":{"line":116,"column":19},"end":{"line":116,"column":27}},"39":{"start":{"line":117,"column":17},"end":{"line":117,"column":33}},"40":{"start":{"line":118,"column":4},"end":{"line":121,"column":6}},"41":{"start":{"line":123,"column":4},"end":{"line":126,"column":7}},"42":{"start":{"line":129,"column":14},"end":{"line":217,"column":1}},"43":{"start":{"line":130,"column":4},"end":{"line":130,"column":34}},"44":{"start":{"line":131,"column":22},"end":{"line":131,"column":50}},"45":{"start":{"line":134,"column":4},"end":{"line":216,"column":5}},"46":{"start":{"line":135,"column":8},"end":{"line":139,"column":11}},"47":{"start":{"line":140,"column":11},"end":{"line":216,"column":5}},"48":{"start":{"line":141,"column":8},"end":{"line":145,"column":11}},"49":{"start":{"line":147,"column":8},"end":{"line":215,"column":10}},"50":{"start":{"line":151,"column":16},"end":{"line":157,"column":17}},"51":{"start":{"line":152,"column":20},"end":{"line":152,"column":60}},"52":{"start":{"line":153,"column":20},"end":{"line":156,"column":23}},"53":{"start":{"line":160,"column":16},"end":{"line":213,"column":17}},"54":{"start":{"line":161,"column":20},"end":{"line":165,"column":23}},"55":{"start":{"line":167,"column":33},"end":{"line":167,"column":40}},"56":{"start":{"line":170,"column":34},"end":{"line":180,"column":21}},"57":{"start":{"line":182,"column":41},"end":{"line":192,"column":21}},"58":{"start":{"line":194,"column":20},"end":{"line":202,"column":22}},"59":{"start":{"line":205,"column":20},"end":{"line":212,"column":23}},"60":{"start":{"line":219,"column":15},"end":{"line":238,"column":1}},"61":{"start":{"line":220,"column":4},"end":{"line":220,"column":35}},"62":{"start":{"line":223,"column":17},"end":{"line":223,"column":33}},"63":{"start":{"line":225,"column":4},"end":{"line":232,"column":6}},"64":{"start":{"line":234,"column":4},"end":{"line":237,"column":7}},"65":{"start":{"line":242,"column":20},"end":{"line":280,"column":1}},"66":{"start":{"line":243,"column":4},"end":{"line":243,"column":41}},"67":{"start":{"line":245,"column":4},"end":{"line":250,"column":5}},"68":{"start":{"line":246,"column":8},"end":{"line":249,"column":11}},"69":{"start":{"line":252,"column":4},"end":{"line":257,"column":5}},"70":{"start":{"line":253,"column":8},"end":{"line":256,"column":11}},"71":{"start":{"line":258,"column":22},"end":{"line":258,"column":36}},"72":{"start":{"line":259,"column":4},"end":{"line":279,"column":6}},"73":{"start":{"line":263,"column":12},"end":{"line":269,"column":13}},"74":{"start":{"line":264,"column":16},"end":{"line":264,"column":56}},"75":{"start":{"line":265,"column":16},"end":{"line":268,"column":19}},"76":{"start":{"line":271,"column":25},"end":{"line":271,"column":29}},"77":{"start":{"line":273,"column":12},"end":{"line":277,"column":15}},"78":{"start":{"line":282,"column":24},"end":{"line":319,"column":1}},"79":{"start":{"line":283,"column":4},"end":{"line":283,"column":38}},"80":{"start":{"line":285,"column":4},"end":{"line":290,"column":5}},"81":{"start":{"line":286,"column":8},"end":{"line":289,"column":11}},"82":{"start":{"line":292,"column":4},"end":{"line":297,"column":5}},"83":{"start":{"line":293,"column":8},"end":{"line":296,"column":11}},"84":{"start":{"line":298,"column":19},"end":{"line":298,"column":36}},"85":{"start":{"line":299,"column":4},"end":{"line":318,"column":6}},"86":{"start":{"line":302,"column":12},"end":{"line":308,"column":13}},"87":{"start":{"line":303,"column":16},"end":{"line":303,"column":56}},"88":{"start":{"line":304,"column":16},"end":{"line":307,"column":19}},"89":{"start":{"line":310,"column":25},"end":{"line":310,"column":29}},"90":{"start":{"line":312,"column":12},"end":{"line":316,"column":15}},"91":{"start":{"line":321,"column":0},"end":{"line":332,"column":1}}},"fnMap":{"0":{"name":"(anonymous_0)","decl":{"start":{"line":7,"column":22},"end":{"line":7,"column":23}},"loc":{"start":{"line":7,"column":33},"end":{"line":10,"column":1}},"line":7},"1":{"name":"(anonymous_1)","decl":{"start":{"line":12,"column":25},"end":{"line":12,"column":26}},"loc":{"start":{"line":12,"column":39},"end":{"line":18,"column":1}},"line":12},"2":{"name":"(anonymous_2)","decl":{"start":{"line":22,"column":19},"end":{"line":22,"column":20}},"loc":{"start":{"line":22,"column":39},"end":{"line":58,"column":1}},"line":22},"3":{"name":"(anonymous_3)","decl":{"start":{"line":60,"column":19},"end":{"line":60,"column":20}},"loc":{"start":{"line":60,"column":39},"end":{"line":83,"column":1}},"line":60},"4":{"name":"(anonymous_4)","decl":{"start":{"line":65,"column":8},"end":{"line":65,"column":9}},"loc":{"start":{"line":65,"column":33},"end":{"line":81,"column":9}},"line":65},"5":{"name":"(anonymous_5)","decl":{"start":{"line":85,"column":27},"end":{"line":85,"column":28}},"loc":{"start":{"line":85,"column":47},"end":{"line":112,"column":1}},"line":85},"6":{"name":"(anonymous_6)","decl":{"start":{"line":114,"column":19},"end":{"line":114,"column":20}},"loc":{"start":{"line":114,"column":39},"end":{"line":127,"column":1}},"line":114},"7":{"name":"(anonymous_7)","decl":{"start":{"line":129,"column":14},"end":{"line":129,"column":15}},"loc":{"start":{"line":129,"column":34},"end":{"line":217,"column":1}},"line":129},"8":{"name":"(anonymous_8)","decl":{"start":{"line":150,"column":12},"end":{"line":150,"column":13}},"loc":{"start":{"line":150,"column":43},"end":{"line":214,"column":13}},"line":150},"9":{"name":"(anonymous_9)","decl":{"start":{"line":219,"column":15},"end":{"line":219,"column":16}},"loc":{"start":{"line":219,"column":35},"end":{"line":238,"column":1}},"line":219},"10":{"name":"(anonymous_10)","decl":{"start":{"line":242,"column":20},"end":{"line":242,"column":21}},"loc":{"start":{"line":242,"column":40},"end":{"line":280,"column":1}},"line":242},"11":{"name":"(anonymous_11)","decl":{"start":{"line":262,"column":8},"end":{"line":262,"column":9}},"loc":{"start":{"line":262,"column":33},"end":{"line":278,"column":9}},"line":262},"12":{"name":"(anonymous_12)","decl":{"start":{"line":282,"column":24},"end":{"line":282,"column":25}},"loc":{"start":{"line":282,"column":44},"end":{"line":319,"column":1}},"line":282},"13":{"name":"(anonymous_13)","decl":{"start":{"line":301,"column":8},"end":{"line":301,"column":9}},"loc":{"start":{"line":301,"column":33},"end":{"line":317,"column":9}},"line":301}},"branchMap":{"0":{"loc":{"start":{"line":13,"column":4},"end":{"line":17,"column":5}},"type":"if","locations":[{"start":{"line":13,"column":4},"end":{"line":17,"column":5}},{"start":{"line":15,"column":11},"end":{"line":17,"column":5}}],"line":13},"1":{"loc":{"start":{"line":26,"column":4},"end":{"line":57,"column":5}},"type":"if","locations":[{"start":{"line":26,"column":4},"end":{"line":57,"column":5}},{"start":{"line":32,"column":11},"end":{"line":57,"column":5}}],"line":26},"2":{"loc":{"start":{"line":32,"column":11},"end":{"line":57,"column":5}},"type":"if","locations":[{"start":{"line":32,"column":11},"end":{"line":57,"column":5}},{"start":{"line":38,"column":11},"end":{"line":57,"column":5}}],"line":32},"3":{"loc":{"start":{"line":66,"column":12},"end":{"line":72,"column":13}},"type":"if","locations":[{"start":{"line":66,"column":12},"end":{"line":72,"column":13}},{"start":{},"end":{}}],"line":66},"4":{"loc":{"start":{"line":90,"column":4},"end":{"line":106,"column":5}},"type":"if","locations":[{"start":{"line":90,"column":4},"end":{"line":106,"column":5}},{"start":{"line":96,"column":11},"end":{"line":106,"column":5}}],"line":90},"5":{"loc":{"start":{"line":134,"column":4},"end":{"line":216,"column":5}},"type":"if","locations":[{"start":{"line":134,"column":4},"end":{"line":216,"column":5}},{"start":{"line":140,"column":11},"end":{"line":216,"column":5}}],"line":134},"6":{"loc":{"start":{"line":140,"column":11},"end":{"line":216,"column":5}},"type":"if","locations":[{"start":{"line":140,"column":11},"end":{"line":216,"column":5}},{"start":{"line":146,"column":11},"end":{"line":216,"column":5}}],"line":140},"7":{"loc":{"start":{"line":151,"column":16},"end":{"line":157,"column":17}},"type":"if","locations":[{"start":{"line":151,"column":16},"end":{"line":157,"column":17}},{"start":{},"end":{}}],"line":151},"8":{"loc":{"start":{"line":160,"column":16},"end":{"line":213,"column":17}},"type":"if","locations":[{"start":{"line":160,"column":16},"end":{"line":213,"column":17}},{"start":{"line":166,"column":23},"end":{"line":213,"column":17}}],"line":160},"9":{"loc":{"start":{"line":245,"column":4},"end":{"line":250,"column":5}},"type":"if","locations":[{"start":{"line":245,"column":4},"end":{"line":250,"column":5}},{"start":{},"end":{}}],"line":245},"10":{"loc":{"start":{"line":252,"column":4},"end":{"line":257,"column":5}},"type":"if","locations":[{"start":{"line":252,"column":4},"end":{"line":257,"column":5}},{"start":{},"end":{}}],"line":252},"11":{"loc":{"start":{"line":252,"column":8},"end":{"line":252,"column":64}},"type":"binary-expr","locations":[{"start":{"line":252,"column":8},"end":{"line":252,"column":34}},{"start":{"line":252,"column":38},"end":{"line":252,"column":64}}],"line":252},"12":{"loc":{"start":{"line":263,"column":12},"end":{"line":269,"column":13}},"type":"if","locations":[{"start":{"line":263,"column":12},"end":{"line":269,"column":13}},{"start":{},"end":{}}],"line":263},"13":{"loc":{"start":{"line":285,"column":4},"end":{"line":290,"column":5}},"type":"if","locations":[{"start":{"line":285,"column":4},"end":{"line":290,"column":5}},{"start":{},"end":{}}],"line":285},"14":{"loc":{"start":{"line":292,"column":4},"end":{"line":297,"column":5}},"type":"if","locations":[{"start":{"line":292,"column":4},"end":{"line":297,"column":5}},{"start":{},"end":{}}],"line":292},"15":{"loc":{"start":{"line":292,"column":8},"end":{"line":292,"column":67}},"type":"binary-expr","locations":[{"start":{"line":292,"column":8},"end":{"line":292,"column":35}},{"start":{"line":292,"column":39},"end":{"line":292,"column":67}}],"line":292},"16":{"loc":{"start":{"line":302,"column":12},"end":{"line":308,"column":13}},"type":"if","locations":[{"start":{"line":302,"column":12},"end":{"line":308,"column":13}},{"start":{},"end":{}}],"line":302}},"s":{"0":1,"1":1,"2":1,"3":1,"4":1,"5":13,"6":13,"7":1,"8":9,"9":3,"10":6,"11":1,"12":1,"13":4,"14":4,"15":1,"16":3,"17":1,"18":2,"19":1,"20":1,"21":2,"22":2,"23":2,"24":1,"25":1,"26":1,"27":1,"28":1,"29":3,"30":3,"31":3,"32":3,"33":1,"34":2,"35":2,"36":1,"37":1,"38":1,"39":1,"40":1,"41":1,"42":1,"43":5,"44":5,"45":5,"46":1,"47":4,"48":1,"49":3,"50":3,"51":1,"52":1,"53":2,"54":1,"55":1,"56":1,"57":1,"58":1,"59":1,"60":1,"61":1,"62":1,"63":1,"64":1,"65":1,"66":4,"67":4,"68":1,"69":3,"70":1,"71":2,"72":2,"73":2,"74":0,"75":0,"76":2,"77":2,"78":1,"79":4,"80":4,"81":1,"82":3,"83":1,"84":2,"85":2,"86":2,"87":0,"88":0,"89":2,"90":2,"91":1},"f":{"0":13,"1":9,"2":4,"3":2,"4":2,"5":3,"6":1,"7":5,"8":3,"9":1,"10":4,"11":2,"12":4,"13":2},"b":{"0":[3,6],"1":[1,3],"2":[1,2],"3":[1,1],"4":[1,2],"5":[1,4],"6":[1,3],"7":[1,2],"8":[1,1],"9":[1,3],"10":[1,2],"11":[3,2],"12":[0,2],"13":[1,3],"14":[1,2],"15":[3,2],"16":[0,2]},"_coverageSchema":"1a1c01bbd47fc00a2c39e90264f33305004495a9","hash":"478d3f74bbe1ae2990d3b2dd565fae780f80a69b"}
}
