TN:
SF:config\database.js
FNF:0
FNH:0
DA:1,1
DA:4,1
DA:11,1
LF:3
LH:3
BRF:0
BRH:0
end_of_record
TN:
SF:controllers\ProductController\productController.js
FN:6,(anonymous_0)
FN:37,(anonymous_1)
FN:56,(anonymous_2)
FN:79,(anonymous_3)
FN:100,(anonymous_4)
FN:111,(anonymous_5)
FN:130,(anonymous_6)
FN:138,(anonymous_7)
FN:150,(anonymous_8)
FN:180,(anonymous_9)
FN:187,(anonymous_10)
FN:199,(anonymous_11)
FN:225,(anonymous_12)
FN:232,(anonymous_13)
FN:243,(anonymous_14)
FNF:15
FNH:9
FNDA:5,(anonymous_0)
FNDA:5,(anonymous_1)
FNDA:2,(anonymous_2)
FNDA:2,(anonymous_3)
FNDA:4,(anonymous_4)
FNDA:4,(anonymous_5)
FNDA:4,(anonymous_6)
FNDA:0,(anonymous_7)
FNDA:0,(anonymous_8)
FNDA:3,(anonymous_9)
FNDA:0,(anonymous_10)
FNDA:0,(anonymous_11)
FNDA:6,(anonymous_12)
FNDA:0,(anonymous_13)
FNDA:0,(anonymous_14)
DA:1,1
DA:2,1
DA:4,1
DA:6,1
DA:7,5
DA:9,5
DA:10,1
DA:15,4
DA:16,4
DA:17,4
DA:29,2
DA:37,1
DA:38,5
DA:39,5
DA:40,5
DA:42,5
DA:43,5
DA:45,5
DA:46,3
DA:47,1
DA:53,2
DA:57,2
DA:58,1
DA:59,1
DA:64,1
DA:66,1
DA:76,2
DA:80,2
DA:81,0
DA:82,0
DA:87,2
DA:89,2
DA:100,1
DA:101,4
DA:103,4
DA:104,4
DA:106,4
DA:108,4
DA:112,4
DA:113,1
DA:114,1
DA:119,3
DA:121,3
DA:130,1
DA:131,4
DA:133,4
DA:134,4
DA:136,4
DA:139,0
DA:140,0
DA:141,0
DA:146,0
DA:148,0
DA:150,0
DA:151,0
DA:152,0
DA:153,0
DA:157,0
DA:158,0
DA:171,0
DA:180,1
DA:181,3
DA:183,3
DA:185,3
DA:188,0
DA:189,0
DA:190,0
DA:196,0
DA:197,0
DA:199,0
DA:200,0
DA:201,0
DA:205,0
DA:206,0
DA:211,0
DA:216,0
DA:225,1
DA:226,6
DA:228,6
DA:230,6
DA:233,0
DA:234,0
DA:235,0
DA:240,0
DA:241,0
DA:243,0
DA:244,0
DA:245,0
DA:249,0
DA:250,0
DA:256,0
DA:257,0
DA:258,0
DA:264,0
DA:275,0
DA:284,1
LF:96
LH:55
BRDA:9,0,0,1
BRDA:9,0,1,4
BRDA:9,1,0,5
BRDA:9,1,1,4
BRDA:9,1,2,4
BRDA:39,2,0,5
BRDA:39,2,1,3
BRDA:40,3,0,5
BRDA:40,3,1,2
BRDA:45,4,0,3
BRDA:45,4,1,2
BRDA:45,5,0,5
BRDA:45,5,1,2
BRDA:46,6,0,1
BRDA:46,6,1,2
BRDA:57,7,0,1
BRDA:57,7,1,1
BRDA:80,8,0,0
BRDA:80,8,1,2
BRDA:112,9,0,1
BRDA:112,9,1,3
BRDA:139,10,0,0
BRDA:139,10,1,0
BRDA:151,11,0,0
BRDA:151,11,1,0
BRDA:157,12,0,0
BRDA:157,12,1,0
BRDA:163,13,0,0
BRDA:163,13,1,0
BRDA:164,14,0,0
BRDA:164,14,1,0
BRDA:165,15,0,0
BRDA:165,15,1,0
BRDA:166,16,0,0
BRDA:166,16,1,0
BRDA:188,17,0,0
BRDA:188,17,1,0
BRDA:200,18,0,0
BRDA:200,18,1,0
BRDA:205,19,0,0
BRDA:205,19,1,0
BRDA:233,20,0,0
BRDA:233,20,1,0
BRDA:244,21,0,0
BRDA:244,21,1,0
BRDA:249,22,0,0
BRDA:249,22,1,0
BRDA:257,23,0,0
BRDA:257,23,1,0
BRF:49
BRH:20
end_of_record
TN:
SF:controllers\UserController\userController.js
FN:7,(anonymous_0)
FN:12,(anonymous_1)
FN:22,(anonymous_2)
FN:60,(anonymous_3)
FN:65,(anonymous_4)
FN:85,(anonymous_5)
FN:114,(anonymous_6)
FN:129,(anonymous_7)
FN:150,(anonymous_8)
FN:219,(anonymous_9)
FN:242,(anonymous_10)
FN:262,(anonymous_11)
FN:282,(anonymous_12)
FN:301,(anonymous_13)
FNF:14
FNH:14
FNDA:13,(anonymous_0)
FNDA:9,(anonymous_1)
FNDA:4,(anonymous_2)
FNDA:2,(anonymous_3)
FNDA:2,(anonymous_4)
FNDA:3,(anonymous_5)
FNDA:1,(anonymous_6)
FNDA:5,(anonymous_7)
FNDA:3,(anonymous_8)
FNDA:1,(anonymous_9)
FNDA:4,(anonymous_10)
FNDA:2,(anonymous_11)
FNDA:4,(anonymous_12)
FNDA:2,(anonymous_13)
DA:1,1
DA:2,1
DA:4,1
DA:5,1
DA:7,1
DA:8,13
DA:9,13
DA:12,1
DA:13,9
DA:14,3
DA:16,6
DA:20,1
DA:22,1
DA:23,4
DA:26,4
DA:27,1
DA:32,3
DA:33,1
DA:40,2
DA:52,1
DA:60,1
DA:61,2
DA:63,2
DA:66,2
DA:67,1
DA:68,1
DA:74,1
DA:76,1
DA:85,1
DA:86,3
DA:87,3
DA:89,3
DA:90,3
DA:91,1
DA:97,2
DA:108,2
DA:114,1
DA:115,1
DA:116,1
DA:117,1
DA:118,1
DA:123,1
DA:129,1
DA:130,5
DA:131,5
DA:134,5
DA:135,1
DA:140,4
DA:141,1
DA:147,3
DA:151,3
DA:152,1
DA:153,1
DA:160,2
DA:161,1
DA:167,1
DA:170,1
DA:182,1
DA:194,1
DA:205,1
DA:219,1
DA:220,1
DA:223,1
DA:225,1
DA:234,1
DA:242,1
DA:243,4
DA:245,4
DA:246,1
DA:252,3
DA:253,1
DA:258,2
DA:259,2
DA:263,2
DA:264,0
DA:265,0
DA:271,2
DA:273,2
DA:282,1
DA:283,4
DA:285,4
DA:286,1
DA:292,3
DA:293,1
DA:298,2
DA:299,2
DA:302,2
DA:303,0
DA:304,0
DA:310,2
DA:312,2
DA:321,1
LF:92
LH:88
BRDA:13,0,0,3
BRDA:13,0,1,6
BRDA:26,1,0,1
BRDA:26,1,1,3
BRDA:32,2,0,1
BRDA:32,2,1,2
BRDA:66,3,0,1
BRDA:66,3,1,1
BRDA:90,4,0,1
BRDA:90,4,1,2
BRDA:134,5,0,1
BRDA:134,5,1,4
BRDA:140,6,0,1
BRDA:140,6,1,3
BRDA:151,7,0,1
BRDA:151,7,1,2
BRDA:160,8,0,1
BRDA:160,8,1,1
BRDA:245,9,0,1
BRDA:245,9,1,3
BRDA:252,10,0,1
BRDA:252,10,1,2
BRDA:252,11,0,3
BRDA:252,11,1,2
BRDA:263,12,0,0
BRDA:263,12,1,2
BRDA:285,13,0,1
BRDA:285,13,1,3
BRDA:292,14,0,1
BRDA:292,14,1,2
BRDA:292,15,0,3
BRDA:292,15,1,2
BRDA:302,16,0,0
BRDA:302,16,1,2
BRF:34
BRH:32
end_of_record
